<?xml version="1.0" encoding="UTF-8"?>
<!-- Generated by org.testng.reporters.JUnitXMLReporter -->
<testsuite ignored="0" hostname="LTIN511660" failures="0" tests="4" name="Test" time="115.881" errors="0" timestamp="2024-11-04T09:50:43 IST">
  <testcase classname="testCases.TC_001_SearchingForWebDevolpment" name="SearchForWebDevelopmentCourses" time="15.331"/>
  <testcase classname="testCases.TC_002_LanguageExtraction" name="selectingLanguages" time="16.748"/>
  <testcase classname="testCases.TC_003_FormFilling" name="formFilling" time="45.417"/>
  <testcase classname="testCases.TC_004_Cousera" name="openCousera" time="0.276"/>
</testsuite> <!-- Test -->
