<?xml version="1.0" encoding="UTF-8"?>
<!-- Generated by org.testng.reporters.JUnitXMLReporter -->
<testsuite ignored="0" hostname="LTIN511660" failures="0" tests="4" name="Test" time="99.864" errors="0" timestamp="2024-11-03T15:22:13 IST">
  <testcase classname="testCases.TC_001_SearchingForWebDevolpment" name="SearchForWebDevelopmentCourses" time="18.654"/>
  <testcase classname="testCases.TC_002_LanguageExtraction" name="selectingLanguages" time="23.579"/>
  <testcase classname="testCases.TC_003_FormFilling" name="formFilling" time="11.689"/>
  <testcase classname="testCases.TC_004_Cousera" name="openCousera" time="3.553"/>
</testsuite> <!-- Test -->
