<?xml version="1.0" encoding="UTF-8"?>
<!-- Generated by org.testng.reporters.JUnitXMLReporter -->
<testsuite ignored="0" hostname="LTIN511660" failures="0" tests="4" name="chromeTest" time="87.166" errors="0" timestamp="2024-10-28T16:02:36 IST">
  <testcase classname="testCases.TC_001_SearchingForWebDevolpment" name="SearchForWebDevelopmentCourses" time="17.468"/>
  <testcase classname="testCases.TC_002_LanguageExtraction" name="selectingLanguages" time="16.509"/>
  <testcase classname="testCases.TC_003_FormFilling" name="formFilling" time="18.955"/>
  <testcase classname="testCases.TC_004_Cousera" name="openCousera" time="0.018"/>
</testsuite> <!-- chromeTest -->
