<?xml version="1.0" encoding="UTF-8"?>
<testng-results ignored="0" total="4" passed="4" failed="0" skipped="0">
  <reporter-output>
  </reporter-output>
  <suite started-at="2024-11-04T09:48:46 IST" name="Master Suite" finished-at="2024-11-04T09:50:42 IST" duration-ms="115881">
    <groups>
      <group name="regression">
        <method signature="TC_001_SearchingForWebDevolpment.SearchForWebDevelopmentCourses()[pri:0, instance:testCases.TC_001_SearchingForWebDevolpment@1d0d6318]" name="SearchForWebDevelopmentCourses" class="testCases.TC_001_SearchingForWebDevolpment"/>
        <method signature="TC_002_LanguageExtraction.selectingLanguages()[pri:0, instance:testCases.TC_002_LanguageExtraction@7ec3394b]" name="selectingLanguages" class="testCases.TC_002_LanguageExtraction"/>
        <method signature="TC_003_FormFilling.formFilling(java.lang.String,java.lang.String,java.lang.String,java.lang.String,java.lang.String,java.lang.String,java.lang.String,java.lang.String)[pri:0, instance:testCases.TC_003_FormFilling@bff34c6]" name="formFilling" class="testCases.TC_003_FormFilling"/>
      </group> <!-- regression -->
      <group name="smoke">
        <method signature="TC_004_Cousera.openCousera()[pri:0, instance:testCases.TC_004_Cousera@1522d8a0]" name="openCousera" class="testCases.TC_004_Cousera"/>
      </group> <!-- smoke -->
    </groups>
    <test started-at="2024-11-04T09:48:46 IST" name="Test" finished-at="2024-11-04T09:50:42 IST" duration-ms="115881">
      <class name="testCases.TC_004_Cousera">
        <test-method is-config="true" signature="setup(java.lang.String,java.lang.String)[pri:0, instance:testCases.TC_004_Cousera@1522d8a0]" started-at="2024-11-04T09:50:34 IST" name="setup" finished-at="2024-11-04T09:50:41 IST" duration-ms="7172" status="PASS">
          <params>
            <param index="0">
              <value>
                <![CDATA[Windows]]>
              </value>
            </param>
            <param index="1">
              <value>
                <![CDATA[edge]]>
              </value>
            </param>
          </params>
          <reporter-output>
          </reporter-output>
        </test-method> <!-- setup -->
        <test-method signature="openCousera()[pri:0, instance:testCases.TC_004_Cousera@1522d8a0]" started-at="2024-11-04T09:50:41 IST" name="openCousera" finished-at="2024-11-04T09:50:41 IST" duration-ms="276" status="PASS">
          <reporter-output>
          </reporter-output>
        </test-method> <!-- openCousera -->
        <test-method is-config="true" signature="tearDown()[pri:0, instance:testCases.TC_004_Cousera@1522d8a0]" started-at="2024-11-04T09:50:41 IST" name="tearDown" finished-at="2024-11-04T09:50:42 IST" duration-ms="275" status="PASS">
          <reporter-output>
          </reporter-output>
        </test-method> <!-- tearDown -->
      </class> <!-- testCases.TC_004_Cousera -->
      <class name="testCases.TC_003_FormFilling">
        <test-method is-config="true" signature="setup(java.lang.String,java.lang.String)[pri:0, instance:testCases.TC_003_FormFilling@bff34c6]" started-at="2024-11-04T09:49:39 IST" name="setup" finished-at="2024-11-04T09:49:48 IST" duration-ms="8723" status="PASS">
          <params>
            <param index="0">
              <value>
                <![CDATA[Windows]]>
              </value>
            </param>
            <param index="1">
              <value>
                <![CDATA[edge]]>
              </value>
            </param>
          </params>
          <reporter-output>
          </reporter-output>
        </test-method> <!-- setup -->
        <test-method signature="formFilling(java.lang.String,java.lang.String,java.lang.String,java.lang.String,java.lang.String,java.lang.String,java.lang.String,java.lang.String)[pri:0, instance:testCases.TC_003_FormFilling@bff34c6]" started-at="2024-11-04T09:49:48 IST" name="formFilling" data-provider="formData" finished-at="2024-11-04T09:50:34 IST" duration-ms="45417" status="PASS">
          <params>
            <param index="0">
              <value>
                <![CDATA[Aaron]]>
              </value>
            </param>
            <param index="1">
              <value>
                <![CDATA[Joseph]]>
              </value>
            </param>
            <param index="2">
              <value>
                <![CDATA[aaron]]>
              </value>
            </param>
            <param index="3">
              <value>
                <![CDATA[9.847278652E9]]>
              </value>
            </param>
            <param index="4">
              <value>
                <![CDATA[Fresher]]>
              </value>
            </param>
            <param index="5">
              <value>
                <![CDATA[5.0]]>
              </value>
            </param>
            <param index="6">
              <value>
                <![CDATA[India]]>
              </value>
            </param>
            <param index="7">
              <value>
                <![CDATA[Courses]]>
              </value>
            </param>
          </params>
          <reporter-output>
          </reporter-output>
        </test-method> <!-- formFilling -->
        <test-method is-config="true" signature="tearDown()[pri:0, instance:testCases.TC_003_FormFilling@bff34c6]" started-at="2024-11-04T09:50:34 IST" name="tearDown" finished-at="2024-11-04T09:50:34 IST" duration-ms="305" status="PASS">
          <reporter-output>
          </reporter-output>
        </test-method> <!-- tearDown -->
      </class> <!-- testCases.TC_003_FormFilling -->
      <class name="testCases.TC_002_LanguageExtraction">
        <test-method is-config="true" signature="setup(java.lang.String,java.lang.String)[pri:0, instance:testCases.TC_002_LanguageExtraction@7ec3394b]" started-at="2024-11-04T09:49:13 IST" name="setup" finished-at="2024-11-04T09:49:22 IST" duration-ms="9362" status="PASS">
          <params>
            <param index="0">
              <value>
                <![CDATA[Windows]]>
              </value>
            </param>
            <param index="1">
              <value>
                <![CDATA[edge]]>
              </value>
            </param>
          </params>
          <reporter-output>
          </reporter-output>
        </test-method> <!-- setup -->
        <test-method signature="selectingLanguages()[pri:0, instance:testCases.TC_002_LanguageExtraction@7ec3394b]" started-at="2024-11-04T09:49:22 IST" name="selectingLanguages" finished-at="2024-11-04T09:49:39 IST" duration-ms="16748" status="PASS">
          <reporter-output>
          </reporter-output>
        </test-method> <!-- selectingLanguages -->
        <test-method is-config="true" signature="tearDown()[pri:0, instance:testCases.TC_002_LanguageExtraction@7ec3394b]" started-at="2024-11-04T09:49:39 IST" name="tearDown" finished-at="2024-11-04T09:49:39 IST" duration-ms="379" status="PASS">
          <reporter-output>
          </reporter-output>
        </test-method> <!-- tearDown -->
      </class> <!-- testCases.TC_002_LanguageExtraction -->
      <class name="testCases.TC_001_SearchingForWebDevolpment">
        <test-method is-config="true" signature="setup(java.lang.String,java.lang.String)[pri:0, instance:testCases.TC_001_SearchingForWebDevolpment@1d0d6318]" started-at="2024-11-04T09:48:46 IST" name="setup" finished-at="2024-11-04T09:48:57 IST" duration-ms="11073" status="PASS">
          <params>
            <param index="0">
              <value>
                <![CDATA[Windows]]>
              </value>
            </param>
            <param index="1">
              <value>
                <![CDATA[edge]]>
              </value>
            </param>
          </params>
          <reporter-output>
          </reporter-output>
        </test-method> <!-- setup -->
        <test-method signature="SearchForWebDevelopmentCourses()[pri:0, instance:testCases.TC_001_SearchingForWebDevolpment@1d0d6318]" started-at="2024-11-04T09:48:57 IST" name="SearchForWebDevelopmentCourses" finished-at="2024-11-04T09:49:12 IST" duration-ms="15331" status="PASS">
          <reporter-output>
          </reporter-output>
        </test-method> <!-- SearchForWebDevelopmentCourses -->
        <test-method is-config="true" signature="tearDown()[pri:0, instance:testCases.TC_001_SearchingForWebDevolpment@1d0d6318]" started-at="2024-11-04T09:49:12 IST" name="tearDown" finished-at="2024-11-04T09:49:13 IST" duration-ms="222" status="PASS">
          <reporter-output>
          </reporter-output>
        </test-method> <!-- tearDown -->
      </class> <!-- testCases.TC_001_SearchingForWebDevolpment -->
    </test> <!-- Test -->
  </suite> <!-- Master Suite -->
</testng-results>
