<?xml version="1.0" encoding="UTF-8"?>
<testng-results ignored="0" total="4" passed="4" failed="0" skipped="0">
  <reporter-output>
  </reporter-output>
  <suite started-at="2024-11-03T15:20:31 IST" name="Master Suite" finished-at="2024-11-03T15:22:11 IST" duration-ms="99864">
    <groups>
      <group name="regression">
        <method signature="TC_001_SearchingForWebDevolpment.SearchForWebDevelopmentCourses()[pri:0, instance:testCases.TC_001_SearchingForWebDevolpment@e077866]" name="SearchForWebDevelopmentCourses" class="testCases.TC_001_SearchingForWebDevolpment"/>
        <method signature="TC_002_LanguageExtraction.selectingLanguages()[pri:0, instance:testCases.TC_002_LanguageExtraction@60dce7ea]" name="selectingLanguages" class="testCases.TC_002_LanguageExtraction"/>
        <method signature="TC_003_FormFilling.formFilling(java.lang.String,java.lang.String,java.lang.String,java.lang.String,java.lang.String,java.lang.String,java.lang.String,java.lang.String)[pri:0, instance:testCases.TC_003_FormFilling@662f5666]" name="formFilling" class="testCases.TC_003_FormFilling"/>
      </group> <!-- regression -->
      <group name="smoke">
        <method signature="TC_004_Cousera.openCousera()[pri:0, instance:testCases.TC_004_Cousera@fd8294b]" name="openCousera" class="testCases.TC_004_Cousera"/>
      </group> <!-- smoke -->
    </groups>
    <test started-at="2024-11-03T15:20:31 IST" name="Test" finished-at="2024-11-03T15:22:11 IST" duration-ms="99864">
      <class name="testCases.TC_004_Cousera">
        <test-method is-config="true" signature="setup(java.lang.String,java.lang.String)[pri:0, instance:testCases.TC_004_Cousera@fd8294b]" started-at="2024-11-03T15:21:57 IST" name="setup" finished-at="2024-11-03T15:22:07 IST" duration-ms="9956" status="PASS">
          <params>
            <param index="0">
              <value>
                <![CDATA[Windows]]>
              </value>
            </param>
            <param index="1">
              <value>
                <![CDATA[edge]]>
              </value>
            </param>
          </params>
          <reporter-output>
          </reporter-output>
        </test-method> <!-- setup -->
        <test-method signature="openCousera()[pri:0, instance:testCases.TC_004_Cousera@fd8294b]" started-at="2024-11-03T15:22:07 IST" name="openCousera" finished-at="2024-11-03T15:22:11 IST" duration-ms="3553" status="PASS">
          <reporter-output>
          </reporter-output>
        </test-method> <!-- openCousera -->
        <test-method is-config="true" signature="tearDown()[pri:0, instance:testCases.TC_004_Cousera@fd8294b]" started-at="2024-11-03T15:22:11 IST" name="tearDown" finished-at="2024-11-03T15:22:11 IST" duration-ms="380" status="PASS">
          <reporter-output>
          </reporter-output>
        </test-method> <!-- tearDown -->
      </class> <!-- testCases.TC_004_Cousera -->
      <class name="testCases.TC_003_FormFilling">
        <test-method is-config="true" signature="setup(java.lang.String,java.lang.String)[pri:0, instance:testCases.TC_003_FormFilling@662f5666]" started-at="2024-11-03T15:21:36 IST" name="setup" finished-at="2024-11-03T15:21:45 IST" duration-ms="9056" status="PASS">
          <params>
            <param index="0">
              <value>
                <![CDATA[Windows]]>
              </value>
            </param>
            <param index="1">
              <value>
                <![CDATA[edge]]>
              </value>
            </param>
          </params>
          <reporter-output>
          </reporter-output>
        </test-method> <!-- setup -->
        <test-method signature="formFilling(java.lang.String,java.lang.String,java.lang.String,java.lang.String,java.lang.String,java.lang.String,java.lang.String,java.lang.String)[pri:0, instance:testCases.TC_003_FormFilling@662f5666]" started-at="2024-11-03T15:21:45 IST" name="formFilling" data-provider="formData" finished-at="2024-11-03T15:21:57 IST" duration-ms="11689" status="PASS">
          <params>
            <param index="0">
              <value>
                <![CDATA[Aaron]]>
              </value>
            </param>
            <param index="1">
              <value>
                <![CDATA[Joseph]]>
              </value>
            </param>
            <param index="2">
              <value>
                <![CDATA[aaron]]>
              </value>
            </param>
            <param index="3">
              <value>
                <![CDATA[9.847278652E9]]>
              </value>
            </param>
            <param index="4">
              <value>
                <![CDATA[Fresher]]>
              </value>
            </param>
            <param index="5">
              <value>
                <![CDATA[5.0]]>
              </value>
            </param>
            <param index="6">
              <value>
                <![CDATA[India]]>
              </value>
            </param>
            <param index="7">
              <value>
                <![CDATA[Courses]]>
              </value>
            </param>
          </params>
          <reporter-output>
          </reporter-output>
        </test-method> <!-- formFilling -->
        <test-method is-config="true" signature="tearDown()[pri:0, instance:testCases.TC_003_FormFilling@662f5666]" started-at="2024-11-03T15:21:57 IST" name="tearDown" finished-at="2024-11-03T15:21:57 IST" duration-ms="370" status="PASS">
          <reporter-output>
          </reporter-output>
        </test-method> <!-- tearDown -->
      </class> <!-- testCases.TC_003_FormFilling -->
      <class name="testCases.TC_002_LanguageExtraction">
        <test-method is-config="true" signature="setup(java.lang.String,java.lang.String)[pri:0, instance:testCases.TC_002_LanguageExtraction@60dce7ea]" started-at="2024-11-03T15:21:01 IST" name="setup" finished-at="2024-11-03T15:21:12 IST" duration-ms="10470" status="PASS">
          <params>
            <param index="0">
              <value>
                <![CDATA[Windows]]>
              </value>
            </param>
            <param index="1">
              <value>
                <![CDATA[edge]]>
              </value>
            </param>
          </params>
          <reporter-output>
          </reporter-output>
        </test-method> <!-- setup -->
        <test-method signature="selectingLanguages()[pri:0, instance:testCases.TC_002_LanguageExtraction@60dce7ea]" started-at="2024-11-03T15:21:12 IST" name="selectingLanguages" finished-at="2024-11-03T15:21:35 IST" duration-ms="23579" status="PASS">
          <reporter-output>
          </reporter-output>
        </test-method> <!-- selectingLanguages -->
        <test-method is-config="true" signature="tearDown()[pri:0, instance:testCases.TC_002_LanguageExtraction@60dce7ea]" started-at="2024-11-03T15:21:35 IST" name="tearDown" finished-at="2024-11-03T15:21:36 IST" duration-ms="347" status="PASS">
          <reporter-output>
          </reporter-output>
        </test-method> <!-- tearDown -->
      </class> <!-- testCases.TC_002_LanguageExtraction -->
      <class name="testCases.TC_001_SearchingForWebDevolpment">
        <test-method is-config="true" signature="setup(java.lang.String,java.lang.String)[pri:0, instance:testCases.TC_001_SearchingForWebDevolpment@e077866]" started-at="2024-11-03T15:20:32 IST" name="setup" finished-at="2024-11-03T15:20:42 IST" duration-ms="10028" status="PASS">
          <params>
            <param index="0">
              <value>
                <![CDATA[Windows]]>
              </value>
            </param>
            <param index="1">
              <value>
                <![CDATA[edge]]>
              </value>
            </param>
          </params>
          <reporter-output>
          </reporter-output>
        </test-method> <!-- setup -->
        <test-method signature="SearchForWebDevelopmentCourses()[pri:0, instance:testCases.TC_001_SearchingForWebDevolpment@e077866]" started-at="2024-11-03T15:20:42 IST" name="SearchForWebDevelopmentCourses" finished-at="2024-11-03T15:21:01 IST" duration-ms="18654" status="PASS">
          <reporter-output>
          </reporter-output>
        </test-method> <!-- SearchForWebDevelopmentCourses -->
        <test-method is-config="true" signature="tearDown()[pri:0, instance:testCases.TC_001_SearchingForWebDevolpment@e077866]" started-at="2024-11-03T15:21:01 IST" name="tearDown" finished-at="2024-11-03T15:21:01 IST" duration-ms="481" status="PASS">
          <reporter-output>
          </reporter-output>
        </test-method> <!-- tearDown -->
      </class> <!-- testCases.TC_001_SearchingForWebDevolpment -->
    </test> <!-- Test -->
  </suite> <!-- Master Suite -->
</testng-results>
